This is pdfTeX, Version 3.14159265-2.6-1.40.15 (TeX Live 2015/dev/Debian) (preloaded format=latex 2015.2.27)  5 AUG 2016 13:05
entering extended mode
 restricted \write18 enabled.
 %&-line parsing enabled.
**mfGn_MEMD_draft.tex
(./mfGn_MEMD_draft.tex
LaTeX2e <2014/05/01>
Babel <3.9l> and hyphenation patterns for 2 languages loaded.
(/usr/share/texlive/texmf-dist/tex/latex/paper/paper.cls
Document Class: paper 2008/05/30 1.0l LaTeX document class (wm).
\hours=\count79
\minutes=\count80
(/usr/share/texlive/texmf-dist/tex/latex/base/size11.clo
File: size11.clo 2014/09/29 v1.4h Standard LaTeX file (size option)
)
\beforetitlespace=\skip41
\c@part=\count81
\c@section=\count82
\c@subsection=\count83
\c@subsubsection=\count84
\c@paragraph=\count85
\c@subparagraph=\count86
\exampleindent=\skip42
\c@figure=\count87
\c@table=\count88
\abovecaptionskip=\skip43
\belowcaptionskip=\skip44
\bibindent=\dimen102
)
(/usr/share/texlive/texmf-dist/tex/latex/amsfonts/amsfonts.sty
Package: amsfonts 2013/01/14 v3.01 Basic AMSFonts support
\@emptytoks=\toks14
\symAMSa=\mathgroup4
\symAMSb=\mathgroup5
LaTeX Font Info:    Overwriting math alphabet `\mathfrak' in version `bold'
(Font)                  U/euf/m/n --> U/euf/b/n on input line 106.
)
(/usr/share/texlive/texmf-dist/tex/latex/amsmath/amsmath.sty
Package: amsmath 2013/01/14 v2.14 AMS math features
\@mathmargin=\skip45

For additional information on amsmath, use the `?' option.
(/usr/share/texlive/texmf-dist/tex/latex/amsmath/amstext.sty
Package: amstext 2000/06/29 v2.01

(/usr/share/texlive/texmf-dist/tex/latex/amsmath/amsgen.sty
File: amsgen.sty 1999/11/30 v2.0
\@emptytoks=\toks15
\ex@=\dimen103
))
(/usr/share/texlive/texmf-dist/tex/latex/amsmath/amsbsy.sty
Package: amsbsy 1999/11/29 v1.2d
\pmbraise@=\dimen104
)
(/usr/share/texlive/texmf-dist/tex/latex/amsmath/amsopn.sty
Package: amsopn 1999/12/14 v2.01 operator names
)
\inf@bad=\count89
LaTeX Info: Redefining \frac on input line 210.
\uproot@=\count90
\leftroot@=\count91
LaTeX Info: Redefining \overline on input line 306.
\classnum@=\count92
\DOTSCASE@=\count93
LaTeX Info: Redefining \ldots on input line 378.
LaTeX Info: Redefining \dots on input line 381.
LaTeX Info: Redefining \cdots on input line 466.
\Mathstrutbox@=\box26
\strutbox@=\box27
\big@size=\dimen105
LaTeX Font Info:    Redeclaring font encoding OML on input line 566.
LaTeX Font Info:    Redeclaring font encoding OMS on input line 567.
\macc@depth=\count94
\c@MaxMatrixCols=\count95
\dotsspace@=\muskip10
\c@parentequation=\count96
\dspbrk@lvl=\count97
\tag@help=\toks16
\row@=\count98
\column@=\count99
\maxfields@=\count100
\andhelp@=\toks17
\eqnshift@=\dimen106
\alignsep@=\dimen107
\tagshift@=\dimen108
\tagwidth@=\dimen109
\totwidth@=\dimen110
\lineht@=\dimen111
\@envbody=\toks18
\multlinegap=\skip46
\multlinetaggap=\skip47
\mathdisplay@stack=\toks19
LaTeX Info: Redefining \[ on input line 2665.
LaTeX Info: Redefining \] on input line 2666.
)
(/usr/share/texlive/texmf-dist/tex/latex/mathtools/mathtools.sty
Package: mathtools 2014/07/16 v1.15 mathematical typesetting tools

(/usr/share/texlive/texmf-dist/tex/latex/graphics/keyval.sty
Package: keyval 2014/05/08 v1.15 key=value parser (DPC)
\KV@toks@=\toks20
)
(/usr/share/texlive/texmf-dist/tex/latex/tools/calc.sty
Package: calc 2014/10/28 v4.3 Infix arithmetic (KKT,FJ)
\calc@Acount=\count101
\calc@Bcount=\count102
\calc@Adimen=\dimen112
\calc@Bdimen=\dimen113
\calc@Askip=\skip48
\calc@Bskip=\skip49
LaTeX Info: Redefining \setlength on input line 75.
LaTeX Info: Redefining \addtolength on input line 76.
\calc@Ccount=\count103
\calc@Cskip=\skip50
)
(/usr/share/texlive/texmf-dist/tex/latex/mathtools/mhsetup.sty
Package: mhsetup 2010/01/21 v1.2a programming setup (MH)
)
LaTeX Info: Thecontrolsequence`\['isalreadyrobust on input line 129.
LaTeX Info: Thecontrolsequence`\]'isalreadyrobust on input line 129.
\g_MT_multlinerow_int=\count104
\l_MT_multwidth_dim=\dimen114
\origjot=\skip51
\l_MT_shortvdotswithinadjustabove_dim=\dimen115
\l_MT_shortvdotswithinadjustbelow_dim=\dimen116
\l_MT_above_intertext_sep=\dimen117
\l_MT_below_intertext_sep=\dimen118
\l_MT_above_shortintertext_sep=\dimen119
\l_MT_below_shortintertext_sep=\dimen120
)
(/usr/share/texlive/texmf-dist/tex/latex/pgf/frontendlayer/tikz.sty
(/usr/share/texlive/texmf-dist/tex/latex/pgf/basiclayer/pgf.sty
(/usr/share/texlive/texmf-dist/tex/latex/pgf/utilities/pgfrcs.sty
(/usr/share/texlive/texmf-dist/tex/generic/pgf/utilities/pgfutil-common.tex
\pgfutil@everybye=\toks21
\pgfutil@tempdima=\dimen121
\pgfutil@tempdimb=\dimen122

(/usr/share/texlive/texmf-dist/tex/generic/pgf/utilities/pgfutil-common-lists.t
ex)) (/usr/share/texlive/texmf-dist/tex/generic/pgf/utilities/pgfutil-latex.def
\pgfutil@abb=\box28
(/usr/share/texlive/texmf-dist/tex/latex/ms/everyshi.sty
Package: everyshi 2001/05/15 v3.00 EveryShipout Package (MS)
))
(/usr/share/texlive/texmf-dist/tex/generic/pgf/utilities/pgfrcs.code.tex
Package: pgfrcs 2013/12/20 v3.0.0 (rcs-revision 1.28)
))
Package: pgf 2013/12/18 v3.0.0 (rcs-revision 1.14)

(/usr/share/texlive/texmf-dist/tex/latex/pgf/basiclayer/pgfcore.sty
(/usr/share/texlive/texmf-dist/tex/latex/graphics/graphicx.sty
Package: graphicx 2014/04/25 v1.0g Enhanced LaTeX Graphics (DPC,SPQR)

(/usr/share/texlive/texmf-dist/tex/latex/graphics/graphics.sty
Package: graphics 2009/02/05 v1.0o Standard LaTeX Graphics (DPC,SPQR)

(/usr/share/texlive/texmf-dist/tex/latex/graphics/trig.sty
Package: trig 1999/03/16 v1.09 sin cos tan (DPC)
)
(/usr/share/texlive/texmf-dist/tex/latex/latexconfig/graphics.cfg
File: graphics.cfg 2010/04/23 v1.9 graphics configuration of TeX Live
)
Package graphics Info: Driver file: dvips.def on input line 91.

(/usr/share/texlive/texmf-dist/tex/latex/graphics/dvips.def
File: dvips.def 2014/04/23 v3.0j Driver-dependant file (DPC,SPQR)
))
\Gin@req@height=\dimen123
\Gin@req@width=\dimen124
)
(/usr/share/texlive/texmf-dist/tex/latex/pgf/systemlayer/pgfsys.sty
(/usr/share/texlive/texmf-dist/tex/generic/pgf/systemlayer/pgfsys.code.tex
Package: pgfsys 2013/11/30 v3.0.0 (rcs-revision 1.47)

(/usr/share/texlive/texmf-dist/tex/generic/pgf/utilities/pgfkeys.code.tex
\pgfkeys@pathtoks=\toks22
\pgfkeys@temptoks=\toks23

(/usr/share/texlive/texmf-dist/tex/generic/pgf/utilities/pgfkeysfiltered.code.t
ex
\pgfkeys@tmptoks=\toks24
))
\pgf@x=\dimen125
\pgf@y=\dimen126
\pgf@xa=\dimen127
\pgf@ya=\dimen128
\pgf@xb=\dimen129
\pgf@yb=\dimen130
\pgf@xc=\dimen131
\pgf@yc=\dimen132
\w@pgf@writea=\write3
\r@pgf@reada=\read1
\c@pgf@counta=\count105
\c@pgf@countb=\count106
\c@pgf@countc=\count107
\c@pgf@countd=\count108
\t@pgf@toka=\toks25
\t@pgf@tokb=\toks26
\t@pgf@tokc=\toks27
 (/usr/share/texlive/texmf-dist/tex/generic/pgf/systemlayer/pgf.cfg
File: pgf.cfg 2008/05/14  (rcs-revision 1.7)
)
Driver file for pgf: pgfsys-dvips.def

(/usr/share/texlive/texmf-dist/tex/generic/pgf/systemlayer/pgfsys-dvips.def
File: pgfsys-dvips.def 2013/07/16  (rcs-revision 1.23)

(/usr/share/texlive/texmf-dist/tex/generic/pgf/systemlayer/pgfsys-common-postsc
ript.def
File: pgfsys-common-postscript.def 2008/10/01  (rcs-revision 1.22)
\pgf@objectcount=\count109
)))
(/usr/share/texlive/texmf-dist/tex/generic/pgf/systemlayer/pgfsyssoftpath.code.
tex
File: pgfsyssoftpath.code.tex 2013/09/09  (rcs-revision 1.9)
\pgfsyssoftpath@smallbuffer@items=\count110
\pgfsyssoftpath@bigbuffer@items=\count111
)
(/usr/share/texlive/texmf-dist/tex/generic/pgf/systemlayer/pgfsysprotocol.code.
tex
File: pgfsysprotocol.code.tex 2006/10/16  (rcs-revision 1.4)
)) (/usr/share/texlive/texmf-dist/tex/latex/xcolor/xcolor.sty
Package: xcolor 2007/01/21 v2.11 LaTeX color extensions (UK)

(/usr/share/texlive/texmf-dist/tex/latex/latexconfig/color.cfg
File: color.cfg 2007/01/18 v1.5 color configuration of teTeX/TeXLive
)
Package xcolor Info: Driver file: dvips.def on input line 225.
Package xcolor Info: Model `cmy' substituted by `cmy0' on input line 1337.
Package xcolor Info: Model `RGB' extended on input line 1353.
Package xcolor Info: Model `HTML' substituted by `rgb' on input line 1355.
Package xcolor Info: Model `Hsb' substituted by `hsb' on input line 1356.
Package xcolor Info: Model `tHsb' substituted by `hsb' on input line 1357.
Package xcolor Info: Model `HSB' substituted by `hsb' on input line 1358.
Package xcolor Info: Model `Gray' substituted by `gray' on input line 1359.
Package xcolor Info: Model `wave' substituted by `hsb' on input line 1360.
)
(/usr/share/texlive/texmf-dist/tex/generic/pgf/basiclayer/pgfcore.code.tex
Package: pgfcore 2010/04/11 v3.0.0 (rcs-revision 1.7)

(/usr/share/texlive/texmf-dist/tex/generic/pgf/math/pgfmath.code.tex
(/usr/share/texlive/texmf-dist/tex/generic/pgf/math/pgfmathcalc.code.tex
(/usr/share/texlive/texmf-dist/tex/generic/pgf/math/pgfmathutil.code.tex)
(/usr/share/texlive/texmf-dist/tex/generic/pgf/math/pgfmathparser.code.tex
\pgfmath@dimen=\dimen133
\pgfmath@count=\count112
\pgfmath@box=\box29
\pgfmath@toks=\toks28
\pgfmath@stack@operand=\toks29
\pgfmath@stack@operation=\toks30
)
(/usr/share/texlive/texmf-dist/tex/generic/pgf/math/pgfmathfunctions.code.tex
(/usr/share/texlive/texmf-dist/tex/generic/pgf/math/pgfmathfunctions.basic.code
.tex)
(/usr/share/texlive/texmf-dist/tex/generic/pgf/math/pgfmathfunctions.trigonomet
ric.code.tex)
(/usr/share/texlive/texmf-dist/tex/generic/pgf/math/pgfmathfunctions.random.cod
e.tex)
(/usr/share/texlive/texmf-dist/tex/generic/pgf/math/pgfmathfunctions.comparison
.code.tex)
(/usr/share/texlive/texmf-dist/tex/generic/pgf/math/pgfmathfunctions.base.code.
tex)
(/usr/share/texlive/texmf-dist/tex/generic/pgf/math/pgfmathfunctions.round.code
.tex)
(/usr/share/texlive/texmf-dist/tex/generic/pgf/math/pgfmathfunctions.misc.code.
tex)
(/usr/share/texlive/texmf-dist/tex/generic/pgf/math/pgfmathfunctions.integerari
thmetics.code.tex)))
(/usr/share/texlive/texmf-dist/tex/generic/pgf/math/pgfmathfloat.code.tex
\c@pgfmathroundto@lastzeros=\count113
))
(/usr/share/texlive/texmf-dist/tex/generic/pgf/basiclayer/pgfcorepoints.code.te
x
File: pgfcorepoints.code.tex 2013/10/07  (rcs-revision 1.27)
\pgf@picminx=\dimen134
\pgf@picmaxx=\dimen135
\pgf@picminy=\dimen136
\pgf@picmaxy=\dimen137
\pgf@pathminx=\dimen138
\pgf@pathmaxx=\dimen139
\pgf@pathminy=\dimen140
\pgf@pathmaxy=\dimen141
\pgf@xx=\dimen142
\pgf@xy=\dimen143
\pgf@yx=\dimen144
\pgf@yy=\dimen145
\pgf@zx=\dimen146
\pgf@zy=\dimen147
)
(/usr/share/texlive/texmf-dist/tex/generic/pgf/basiclayer/pgfcorepathconstruct.
code.tex
File: pgfcorepathconstruct.code.tex 2013/10/07  (rcs-revision 1.29)
\pgf@path@lastx=\dimen148
\pgf@path@lasty=\dimen149
)
(/usr/share/texlive/texmf-dist/tex/generic/pgf/basiclayer/pgfcorepathusage.code
.tex
File: pgfcorepathusage.code.tex 2013/12/13  (rcs-revision 1.23)
\pgf@shorten@end@additional=\dimen150
\pgf@shorten@start@additional=\dimen151
)
(/usr/share/texlive/texmf-dist/tex/generic/pgf/basiclayer/pgfcorescopes.code.te
x
File: pgfcorescopes.code.tex 2013/10/09  (rcs-revision 1.44)
\pgfpic=\box30
\pgf@hbox=\box31
\pgf@layerbox@main=\box32
\pgf@picture@serial@count=\count114
)
(/usr/share/texlive/texmf-dist/tex/generic/pgf/basiclayer/pgfcoregraphicstate.c
ode.tex
File: pgfcoregraphicstate.code.tex 2013/09/19  (rcs-revision 1.11)
\pgflinewidth=\dimen152
)
(/usr/share/texlive/texmf-dist/tex/generic/pgf/basiclayer/pgfcoretransformation
s.code.tex
File: pgfcoretransformations.code.tex 2013/10/10  (rcs-revision 1.17)
\pgf@pt@x=\dimen153
\pgf@pt@y=\dimen154
\pgf@pt@temp=\dimen155
)
(/usr/share/texlive/texmf-dist/tex/generic/pgf/basiclayer/pgfcorequick.code.tex
File: pgfcorequick.code.tex 2008/10/09  (rcs-revision 1.3)
)
(/usr/share/texlive/texmf-dist/tex/generic/pgf/basiclayer/pgfcoreobjects.code.t
ex
File: pgfcoreobjects.code.tex 2006/10/11  (rcs-revision 1.2)
)
(/usr/share/texlive/texmf-dist/tex/generic/pgf/basiclayer/pgfcorepathprocessing
.code.tex
File: pgfcorepathprocessing.code.tex 2013/09/09  (rcs-revision 1.9)
)
(/usr/share/texlive/texmf-dist/tex/generic/pgf/basiclayer/pgfcorearrows.code.te
x
File: pgfcorearrows.code.tex 2013/11/07  (rcs-revision 1.40)
\pgfarrowsep=\dimen156
)
(/usr/share/texlive/texmf-dist/tex/generic/pgf/basiclayer/pgfcoreshade.code.tex
File: pgfcoreshade.code.tex 2013/07/15  (rcs-revision 1.15)
\pgf@max=\dimen157
\pgf@sys@shading@range@num=\count115
)
(/usr/share/texlive/texmf-dist/tex/generic/pgf/basiclayer/pgfcoreimage.code.tex
File: pgfcoreimage.code.tex 2013/07/15  (rcs-revision 1.18)

(/usr/share/texlive/texmf-dist/tex/generic/pgf/basiclayer/pgfcoreexternal.code.
tex
File: pgfcoreexternal.code.tex 2013/07/15  (rcs-revision 1.20)
\pgfexternal@startupbox=\box33
))
(/usr/share/texlive/texmf-dist/tex/generic/pgf/basiclayer/pgfcorelayers.code.te
x
File: pgfcorelayers.code.tex 2013/07/18  (rcs-revision 1.7)
)
(/usr/share/texlive/texmf-dist/tex/generic/pgf/basiclayer/pgfcoretransparency.c
ode.tex
File: pgfcoretransparency.code.tex 2013/09/30  (rcs-revision 1.5)
)
(/usr/share/texlive/texmf-dist/tex/generic/pgf/basiclayer/pgfcorepatterns.code.
tex
File: pgfcorepatterns.code.tex 2013/11/07  (rcs-revision 1.5)
)))
(/usr/share/texlive/texmf-dist/tex/generic/pgf/modules/pgfmoduleshapes.code.tex
File: pgfmoduleshapes.code.tex 2013/10/31  (rcs-revision 1.34)
\pgfnodeparttextbox=\box34
) (/usr/share/texlive/texmf-dist/tex/generic/pgf/modules/pgfmoduleplot.code.tex
File: pgfmoduleplot.code.tex 2013/07/31  (rcs-revision 1.12)
)
(/usr/share/texlive/texmf-dist/tex/latex/pgf/compatibility/pgfcomp-version-0-65
.sty
Package: pgfcomp-version-0-65 2007/07/03 v3.0.0 (rcs-revision 1.7)
\pgf@nodesepstart=\dimen158
\pgf@nodesepend=\dimen159
)
(/usr/share/texlive/texmf-dist/tex/latex/pgf/compatibility/pgfcomp-version-1-18
.sty
Package: pgfcomp-version-1-18 2007/07/23 v3.0.0 (rcs-revision 1.1)
)) (/usr/share/texlive/texmf-dist/tex/latex/pgf/utilities/pgffor.sty
(/usr/share/texlive/texmf-dist/tex/latex/pgf/utilities/pgfkeys.sty
(/usr/share/texlive/texmf-dist/tex/generic/pgf/utilities/pgfkeys.code.tex))
(/usr/share/texlive/texmf-dist/tex/latex/pgf/math/pgfmath.sty
(/usr/share/texlive/texmf-dist/tex/generic/pgf/math/pgfmath.code.tex))
(/usr/share/texlive/texmf-dist/tex/generic/pgf/utilities/pgffor.code.tex
Package: pgffor 2013/12/13 v3.0.0 (rcs-revision 1.25)

(/usr/share/texlive/texmf-dist/tex/generic/pgf/math/pgfmath.code.tex)
\pgffor@iter=\dimen160
\pgffor@skip=\dimen161
\pgffor@stack=\toks31
\pgffor@toks=\toks32
))
(/usr/share/texlive/texmf-dist/tex/generic/pgf/frontendlayer/tikz/tikz.code.tex
Package: tikz 2013/12/13 v3.0.0 (rcs-revision 1.142)

(/usr/share/texlive/texmf-dist/tex/generic/pgf/libraries/pgflibraryplothandlers
.code.tex
File: pgflibraryplothandlers.code.tex 2013/08/31 v3.0.0 (rcs-revision 1.20)
\pgf@plot@mark@count=\count116
\pgfplotmarksize=\dimen162
)
\tikz@lastx=\dimen163
\tikz@lasty=\dimen164
\tikz@lastxsaved=\dimen165
\tikz@lastysaved=\dimen166
\tikzleveldistance=\dimen167
\tikzsiblingdistance=\dimen168
\tikz@figbox=\box35
\tikz@figbox@bg=\box36
\tikz@tempbox=\box37
\tikz@tempbox@bg=\box38
\tikztreelevel=\count117
\tikznumberofchildren=\count118
\tikznumberofcurrentchild=\count119
\tikz@fig@count=\count120

(/usr/share/texlive/texmf-dist/tex/generic/pgf/modules/pgfmodulematrix.code.tex
File: pgfmodulematrix.code.tex 2013/09/17  (rcs-revision 1.8)
\pgfmatrixcurrentrow=\count121
\pgfmatrixcurrentcolumn=\count122
\pgf@matrix@numberofcolumns=\count123
)
\tikz@expandcount=\count124

(/usr/share/texlive/texmf-dist/tex/generic/pgf/frontendlayer/tikz/libraries/tik
zlibrarytopaths.code.tex
File: tikzlibrarytopaths.code.tex 2008/06/17 v3.0.0 (rcs-revision 1.2)
)))
(/usr/share/texlive/texmf-dist/tex/latex/pgfplots/pgfplotstable.sty
(/usr/share/texlive/texmf-dist/tex/generic/pgfplots/pgfplots.revision.tex)
Package: pgfplotstable 2014/08/04 v1.11 Table typesetting and Pretty-printing (
1.11-3-g4c99d7a)

(/usr/share/texlive/texmf-dist/tex/latex/pgfplots/pgfplots.sty
(/usr/share/texlive/texmf-dist/tex/generic/pgfplots/pgfplots.revision.tex)
Package: pgfplots 2014/08/04 v1.11 Data Visualization (1.11-3-g4c99d7a)

(/usr/share/texlive/texmf-dist/tex/generic/pgfplots/pgfplots.code.tex
(/usr/share/texlive/texmf-dist/tex/generic/pgfplots/pgfplotscore.code.tex
\t@pgfplots@toka=\toks33
\t@pgfplots@tokb=\toks34
\t@pgfplots@tokc=\toks35
\pgfplots@tmpa=\dimen169
\c@pgfplots@coordindex=\count125
\c@pgfplots@scanlineindex=\count126

(/usr/share/texlive/texmf-dist/tex/generic/pgfplots/sys/pgfplotssysgeneric.code
.tex))
(/usr/share/texlive/texmf-dist/tex/generic/pgfplots/libs/pgfplotslibrary.code.t
ex)
(/usr/share/texlive/texmf-dist/tex/generic/pgfplots/oldpgfcompatib/pgfplotsoldp
gfsupp_loader.code.tex
(/usr/share/texlive/texmf-dist/tex/generic/pgf/libraries/pgflibraryfpu.code.tex
)
(/usr/share/texlive/texmf-dist/tex/generic/pgfplots/oldpgfcompatib/pgfplotsoldp
gfsupp_trig_format.code.tex))
(/usr/share/texlive/texmf-dist/tex/generic/pgfplots/util/pgfplotsutil.code.tex
(/usr/share/texlive/texmf-dist/tex/generic/pgfplots/liststructure/pgfplotslists
tructure.code.tex)
(/usr/share/texlive/texmf-dist/tex/generic/pgfplots/liststructure/pgfplotslists
tructureext.code.tex)
(/usr/share/texlive/texmf-dist/tex/generic/pgfplots/liststructure/pgfplotsarray
.code.tex
\c@pgfplotsarray@tmp=\count127
)
(/usr/share/texlive/texmf-dist/tex/generic/pgfplots/liststructure/pgfplotsmatri
x.code.tex)
(/usr/share/texlive/texmf-dist/tex/generic/pgfplots/numtable/pgfplotstableshare
d.code.tex
\c@pgfplotstable@counta=\count128
\t@pgfplotstable@a=\toks36
)
(/usr/share/texlive/texmf-dist/tex/generic/pgfplots/liststructure/pgfplotsdeque
.code.tex)
(/usr/share/texlive/texmf-dist/tex/generic/pgfplots/util/pgfplotsbinary.code.te
x
(/usr/share/texlive/texmf-dist/tex/generic/pgfplots/util/pgfplotsbinary.data.co
de.tex))
(/usr/share/texlive/texmf-dist/tex/generic/pgfplots/util/pgfplotsutil.verb.code
.tex)
(/usr/share/texlive/texmf-dist/tex/generic/pgfplots/libs/pgflibrarypgfplots.sur
fshading.code.tex
\c@pgfplotslibrarysurf@no=\count129

(/usr/share/texlive/texmf-dist/tex/generic/pgfplots/sys/pgflibrarypgfplots.surf
shading.pgfsys-dvips.def)))
(/usr/share/texlive/texmf-dist/tex/generic/pgfplots/util/pgfplotscolormap.code.
tex
(/usr/share/texlive/texmf-dist/tex/generic/pgfplots/util/pgfplotscolor.code.tex
))
(/usr/share/texlive/texmf-dist/tex/generic/pgfplots/pgfplotsstackedplots.code.t
ex)
(/usr/share/texlive/texmf-dist/tex/generic/pgfplots/pgfplotsplothandlers.code.t
ex
(/usr/share/texlive/texmf-dist/tex/generic/pgfplots/pgfplotsmeshplothandler.cod
e.tex))
(/usr/share/texlive/texmf-dist/tex/generic/pgfplots/pgfplots.scaling.code.tex)
(/usr/share/texlive/texmf-dist/tex/generic/pgfplots/pgfplotscoordprocessing.cod
e.tex)
(/usr/share/texlive/texmf-dist/tex/generic/pgfplots/pgfplots.errorbars.code.tex
) (/usr/share/texlive/texmf-dist/tex/generic/pgfplots/pgfplots.markers.code.tex
) (/usr/share/texlive/texmf-dist/tex/generic/pgfplots/pgfplotsticks.code.tex)
(/usr/share/texlive/texmf-dist/tex/generic/pgfplots/pgfplots.paths.code.tex)
(/usr/share/texlive/texmf-dist/tex/generic/pgf/frontendlayer/tikz/libraries/tik
zlibrarydecorations.code.tex
(/usr/share/texlive/texmf-dist/tex/generic/pgf/modules/pgfmoduledecorations.cod
e.tex
\pgfdecoratedcompleteddistance=\dimen170
\pgfdecoratedremainingdistance=\dimen171
\pgfdecoratedinputsegmentcompleteddistance=\dimen172
\pgfdecoratedinputsegmentremainingdistance=\dimen173
\pgf@decorate@distancetomove=\dimen174
\pgf@decorate@repeatstate=\count130
\pgfdecorationsegmentamplitude=\dimen175
\pgfdecorationsegmentlength=\dimen176
)
\tikz@lib@dec@box=\box39
)
(/usr/share/texlive/texmf-dist/tex/generic/pgf/frontendlayer/tikz/libraries/tik
zlibrarydecorations.pathmorphing.code.tex
(/usr/share/texlive/texmf-dist/tex/generic/pgf/libraries/decorations/pgflibrary
decorations.pathmorphing.code.tex))
(/usr/share/texlive/texmf-dist/tex/generic/pgf/frontendlayer/tikz/libraries/tik
zlibrarydecorations.pathreplacing.code.tex
(/usr/share/texlive/texmf-dist/tex/generic/pgf/libraries/decorations/pgflibrary
decorations.pathreplacing.code.tex))
\pgfplots@numplots=\count131
\pgfplots@xmin@reg=\dimen177
\pgfplots@xmax@reg=\dimen178
\pgfplots@ymin@reg=\dimen179
\pgfplots@ymax@reg=\dimen180
\pgfplots@zmin@reg=\dimen181
\pgfplots@zmax@reg=\dimen182
)
(/usr/share/texlive/texmf-dist/tex/generic/pgf/frontendlayer/tikz/libraries/tik
zlibraryplotmarks.code.tex
File: tikzlibraryplotmarks.code.tex 2008/01/09 v3.0.0 (rcs-revision 1.1)

(/usr/share/texlive/texmf-dist/tex/generic/pgf/libraries/pgflibraryplotmarks.co
de.tex
File: pgflibraryplotmarks.code.tex 2013/07/20 v3.0.0 (rcs-revision 1.13)
)))
(/usr/share/texlive/texmf-dist/tex/generic/pgfplots/numtable/pgfplotstable.code
.tex
(/usr/share/texlive/texmf-dist/tex/generic/pgfplots/numtable/pgfplotstable.colt
ype.code.tex)) (/usr/share/texlive/texmf-dist/tex/latex/tools/array.sty
Package: array 2014/10/28 v2.4c Tabular extension package (FMi)
\col@sep=\dimen183
\extrarowheight=\dimen184
\NC@list=\toks37
\extratabsurround=\skip52
\backup@length=\skip53
))
(./mfGn_MEMD_draft.aux

LaTeX Warning: Label `fig.logV_logT' multiply defined.

)
\openout1 = `mfGn_MEMD_draft.aux'.

LaTeX Font Info:    Checking defaults for OML/cmm/m/it on input line 11.
LaTeX Font Info:    ... okay on input line 11.
LaTeX Font Info:    Checking defaults for T1/cmr/m/n on input line 11.
LaTeX Font Info:    ... okay on input line 11.
LaTeX Font Info:    Checking defaults for OT1/cmr/m/n on input line 11.
LaTeX Font Info:    ... okay on input line 11.
LaTeX Font Info:    Checking defaults for OMS/cmsy/m/n on input line 11.
LaTeX Font Info:    ... okay on input line 11.
LaTeX Font Info:    Checking defaults for OMX/cmex/m/n on input line 11.
LaTeX Font Info:    ... okay on input line 11.
LaTeX Font Info:    Checking defaults for U/cmr/m/n on input line 11.
LaTeX Font Info:    ... okay on input line 11.
 ABD: EveryShipout initializing macros

Package pgfplots Warning: running in backwards compatibility mode (unsuitable t
ick labels; missing features). Consider writing \pgfplotsset{compat=1.11} into 
your preamble.
 on input line 11.

LaTeX Font Info:    Try loading font information for U+msa on input line 17.
(/usr/share/texlive/texmf-dist/tex/latex/amsfonts/umsa.fd
File: umsa.fd 2013/01/14 v3.01 AMS symbols A
)
LaTeX Font Info:    Try loading font information for U+msb on input line 17.

(/usr/share/texlive/texmf-dist/tex/latex/amsfonts/umsb.fd
File: umsb.fd 2013/01/14 v3.01 AMS symbols B
)
File: /idiap/user/akomaty/mfGn_results/mfGn-MEMD-codes/Results/SPEC_NDel_0_H_2.
eps Graphic file (type eps)

</idiap/user/akomaty/mfGn_results/mfGn-MEMD-codes/Results/SPEC_NDel_0_H_2.eps>
File: /idiap/user/akomaty/mfGn_results/mfGn-MEMD-codes/Results/SPEC_NDel_0_H_4.
eps Graphic file (type eps)

</idiap/user/akomaty/mfGn_results/mfGn-MEMD-codes/Results/SPEC_NDel_0_H_4.eps>
File: /idiap/user/akomaty/mfGn_results/mfGn-MEMD-codes/Results/SPEC_NDel_0_H_6.
eps Graphic file (type eps)

</idiap/user/akomaty/mfGn_results/mfGn-MEMD-codes/Results/SPEC_NDel_0_H_6.eps>
File: /idiap/user/akomaty/mfGn_results/mfGn-MEMD-codes/Results/SPEC_NDel_0_H_8.
eps Graphic file (type eps)

</idiap/user/akomaty/mfGn_results/mfGn-MEMD-codes/Results/SPEC_NDel_0_H_8.eps>
File: /idiap/user/akomaty/mfGn_results/mfGn-MEMD-codes/Results/SPEC_NDel_2_H_2.
eps Graphic file (type eps)

</idiap/user/akomaty/mfGn_results/mfGn-MEMD-codes/Results/SPEC_NDel_2_H_2.eps>
File: /idiap/user/akomaty/mfGn_results/mfGn-MEMD-codes/Results/SPEC_NDel_2_H_4.
eps Graphic file (type eps)

</idiap/user/akomaty/mfGn_results/mfGn-MEMD-codes/Results/SPEC_NDel_2_H_4.eps>
File: /idiap/user/akomaty/mfGn_results/mfGn-MEMD-codes/Results/SPEC_NDel_2_H_6.
eps Graphic file (type eps)

</idiap/user/akomaty/mfGn_results/mfGn-MEMD-codes/Results/SPEC_NDel_2_H_6.eps>
File: /idiap/user/akomaty/mfGn_results/mfGn-MEMD-codes/Results/SPEC_NDel_2_H_8.
eps Graphic file (type eps)

</idiap/user/akomaty/mfGn_results/mfGn-MEMD-codes/Results/SPEC_NDel_2_H_8.eps>
File: /idiap/user/akomaty/mfGn_results/mfGn-MEMD-codes/Results/SPEC_NDel_5_H_2.
eps Graphic file (type eps)

</idiap/user/akomaty/mfGn_results/mfGn-MEMD-codes/Results/SPEC_NDel_5_H_2.eps>
File: /idiap/user/akomaty/mfGn_results/mfGn-MEMD-codes/Results/SPEC_NDel_5_H_4.
eps Graphic file (type eps)

</idiap/user/akomaty/mfGn_results/mfGn-MEMD-codes/Results/SPEC_NDel_5_H_4.eps>
File: /idiap/user/akomaty/mfGn_results/mfGn-MEMD-codes/Results/SPEC_NDel_5_H_6.
eps Graphic file (type eps)

</idiap/user/akomaty/mfGn_results/mfGn-MEMD-codes/Results/SPEC_NDel_5_H_6.eps>
File: /idiap/user/akomaty/mfGn_results/mfGn-MEMD-codes/Results/SPEC_NDel_5_H_8.
eps Graphic file (type eps)

</idiap/user/akomaty/mfGn_results/mfGn-MEMD-codes/Results/SPEC_NDel_5_H_8.eps>
File: /idiap/user/akomaty/mfGn_results/mfGn-MEMD-codes/Results/SPEC_NDel_8_H_2.
eps Graphic file (type eps)

</idiap/user/akomaty/mfGn_results/mfGn-MEMD-codes/Results/SPEC_NDel_8_H_2.eps>
File: /idiap/user/akomaty/mfGn_results/mfGn-MEMD-codes/Results/SPEC_NDel_8_H_4.
eps Graphic file (type eps)

</idiap/user/akomaty/mfGn_results/mfGn-MEMD-codes/Results/SPEC_NDel_8_H_4.eps>
File: /idiap/user/akomaty/mfGn_results/mfGn-MEMD-codes/Results/SPEC_NDel_8_H_6.
eps Graphic file (type eps)

</idiap/user/akomaty/mfGn_results/mfGn-MEMD-codes/Results/SPEC_NDel_8_H_6.eps>
File: /idiap/user/akomaty/mfGn_results/mfGn-MEMD-codes/Results/SPEC_NDel_8_H_8.
eps Graphic file (type eps)

</idiap/user/akomaty/mfGn_results/mfGn-MEMD-codes/Results/SPEC_NDel_8_H_8.eps>
Overfull \hbox (49.80957pt too wide) in paragraph at lines 39--62
[]  [] 
 []

File: /idiap/user/akomaty/mfGn_results/mfGn-MEMD-codes/Results/SPEC_Norm_NDel_0
_H_2.eps Graphic file (type eps)

</idiap/user/akomaty/mfGn_results/mfGn-MEMD-codes/Results/SPEC_Norm_NDel_0_H_2.
eps>
File: /idiap/user/akomaty/mfGn_results/mfGn-MEMD-codes/Results/SPEC_Norm_NDel_0
_H_4.eps Graphic file (type eps)

</idiap/user/akomaty/mfGn_results/mfGn-MEMD-codes/Results/SPEC_Norm_NDel_0_H_4.
eps>
File: /idiap/user/akomaty/mfGn_results/mfGn-MEMD-codes/Results/SPEC_Norm_NDel_0
_H_6.eps Graphic file (type eps)

</idiap/user/akomaty/mfGn_results/mfGn-MEMD-codes/Results/SPEC_Norm_NDel_0_H_6.
eps>
File: /idiap/user/akomaty/mfGn_results/mfGn-MEMD-codes/Results/SPEC_Norm_NDel_0
_H_8.eps Graphic file (type eps)

</idiap/user/akomaty/mfGn_results/mfGn-MEMD-codes/Results/SPEC_Norm_NDel_0_H_8.
eps>
File: /idiap/user/akomaty/mfGn_results/mfGn-MEMD-codes/Results/SPEC_Norm_NDel_2
_H_2.eps Graphic file (type eps)

</idiap/user/akomaty/mfGn_results/mfGn-MEMD-codes/Results/SPEC_Norm_NDel_2_H_2.
eps>
File: /idiap/user/akomaty/mfGn_results/mfGn-MEMD-codes/Results/SPEC_Norm_NDel_2
_H_4.eps Graphic file (type eps)

</idiap/user/akomaty/mfGn_results/mfGn-MEMD-codes/Results/SPEC_Norm_NDel_2_H_4.
eps>
File: /idiap/user/akomaty/mfGn_results/mfGn-MEMD-codes/Results/SPEC_Norm_NDel_2
_H_6.eps Graphic file (type eps)

</idiap/user/akomaty/mfGn_results/mfGn-MEMD-codes/Results/SPEC_Norm_NDel_2_H_6.
eps>
File: /idiap/user/akomaty/mfGn_results/mfGn-MEMD-codes/Results/SPEC_Norm_NDel_2
_H_8.eps Graphic file (type eps)

</idiap/user/akomaty/mfGn_results/mfGn-MEMD-codes/Results/SPEC_Norm_NDel_2_H_8.
eps>
File: /idiap/user/akomaty/mfGn_results/mfGn-MEMD-codes/Results/SPEC_Norm_NDel_5
_H_2.eps Graphic file (type eps)

</idiap/user/akomaty/mfGn_results/mfGn-MEMD-codes/Results/SPEC_Norm_NDel_5_H_2.
eps>
File: /idiap/user/akomaty/mfGn_results/mfGn-MEMD-codes/Results/SPEC_Norm_NDel_5
_H_4.eps Graphic file (type eps)

</idiap/user/akomaty/mfGn_results/mfGn-MEMD-codes/Results/SPEC_Norm_NDel_5_H_4.
eps>
File: /idiap/user/akomaty/mfGn_results/mfGn-MEMD-codes/Results/SPEC_Norm_NDel_5
_H_6.eps Graphic file (type eps)

</idiap/user/akomaty/mfGn_results/mfGn-MEMD-codes/Results/SPEC_Norm_NDel_5_H_6.
eps>
File: /idiap/user/akomaty/mfGn_results/mfGn-MEMD-codes/Results/SPEC_Norm_NDel_5
_H_8.eps Graphic file (type eps)

</idiap/user/akomaty/mfGn_results/mfGn-MEMD-codes/Results/SPEC_Norm_NDel_5_H_8.
eps>
File: /idiap/user/akomaty/mfGn_results/mfGn-MEMD-codes/Results/SPEC_Norm_NDel_8
_H_2.eps Graphic file (type eps)

</idiap/user/akomaty/mfGn_results/mfGn-MEMD-codes/Results/SPEC_Norm_NDel_8_H_2.
eps>
File: /idiap/user/akomaty/mfGn_results/mfGn-MEMD-codes/Results/SPEC_Norm_NDel_8
_H_4.eps Graphic file (type eps)

</idiap/user/akomaty/mfGn_results/mfGn-MEMD-codes/Results/SPEC_Norm_NDel_8_H_4.
eps>
File: /idiap/user/akomaty/mfGn_results/mfGn-MEMD-codes/Results/SPEC_Norm_NDel_8
_H_6.eps Graphic file (type eps)

</idiap/user/akomaty/mfGn_results/mfGn-MEMD-codes/Results/SPEC_Norm_NDel_8_H_6.
eps>
File: /idiap/user/akomaty/mfGn_results/mfGn-MEMD-codes/Results/SPEC_Norm_NDel_8
_H_8.eps Graphic file (type eps)

</idiap/user/akomaty/mfGn_results/mfGn-MEMD-codes/Results/SPEC_Norm_NDel_8_H_8.
eps>
Overfull \hbox (45.47333pt too wide) in paragraph at lines 68--91
[]  [] 
 []

File: /idiap/user/akomaty/mfGn_results/mfGn-MEMD-codes/Results/lnE_lnT_MEMD_NDe
l_0.eps Graphic file (type eps)

</idiap/user/akomaty/mfGn_results/mfGn-MEMD-codes/Results/lnE_lnT_MEMD_NDel_0.e
ps>
File: /idiap/user/akomaty/mfGn_results/mfGn-MEMD-codes/Results/lnE_lnT_MEMD_NDe
l_2.eps Graphic file (type eps)

</idiap/user/akomaty/mfGn_results/mfGn-MEMD-codes/Results/lnE_lnT_MEMD_NDel_2.e
ps>
File: /idiap/user/akomaty/mfGn_results/mfGn-MEMD-codes/Results/lnE_lnT_MEMD_NDe
l_5.eps Graphic file (type eps)

</idiap/user/akomaty/mfGn_results/mfGn-MEMD-codes/Results/lnE_lnT_MEMD_NDel_5.e
ps>
File: /idiap/user/akomaty/mfGn_results/mfGn-MEMD-codes/Results/lnE_lnT_MEMD_NDe
l_8.eps Graphic file (type eps)

</idiap/user/akomaty/mfGn_results/mfGn-MEMD-codes/Results/lnE_lnT_MEMD_NDel_8.e
ps>
Overfull \hbox (52.46466pt too wide) in paragraph at lines 98--108
[]  [] 
 []

File: /idiap/user/akomaty/mfGn_results/mfGn-MEMD-codes/Results/lnE_m_MEMD_NDel_
0.eps Graphic file (type eps)

</idiap/user/akomaty/mfGn_results/mfGn-MEMD-codes/Results/lnE_m_MEMD_NDel_0.eps
>
File: /idiap/user/akomaty/mfGn_results/mfGn-MEMD-codes/Results/lnE_m_MEMD_NDel_
2.eps Graphic file (type eps)

</idiap/user/akomaty/mfGn_results/mfGn-MEMD-codes/Results/lnE_m_MEMD_NDel_2.eps
>
File: /idiap/user/akomaty/mfGn_results/mfGn-MEMD-codes/Results/lnE_m_MEMD_NDel_
5.eps Graphic file (type eps)

</idiap/user/akomaty/mfGn_results/mfGn-MEMD-codes/Results/lnE_m_MEMD_NDel_5.eps
>
File: /idiap/user/akomaty/mfGn_results/mfGn-MEMD-codes/Results/lnE_m_MEMD_NDel_
8.eps Graphic file (type eps)

</idiap/user/akomaty/mfGn_results/mfGn-MEMD-codes/Results/lnE_m_MEMD_NDel_8.eps
>

LaTeX Font Warning: Command \tiny invalid in math mode on input line 123.

[1


] [2] [3] [4] [5]
File: /idiap/user/akomaty/mfGn_results/mfGn-MEMD-codes/Results/Correlogram_MEMD
_NDel_0_H_2.eps Graphic file (type eps)

</idiap/user/akomaty/mfGn_results/mfGn-MEMD-codes/Results/Correlogram_MEMD_NDel
_0_H_2.eps>
File: /idiap/user/akomaty/mfGn_results/mfGn-MEMD-codes/Results/Correlogram_MEMD
_NDel_0_H_4.eps Graphic file (type eps)

</idiap/user/akomaty/mfGn_results/mfGn-MEMD-codes/Results/Correlogram_MEMD_NDel
_0_H_4.eps>
File: /idiap/user/akomaty/mfGn_results/mfGn-MEMD-codes/Results/Correlogram_MEMD
_NDel_0_H_6.eps Graphic file (type eps)

</idiap/user/akomaty/mfGn_results/mfGn-MEMD-codes/Results/Correlogram_MEMD_NDel
_0_H_6.eps>
File: /idiap/user/akomaty/mfGn_results/mfGn-MEMD-codes/Results/Correlogram_MEMD
_NDel_0_H_8.eps Graphic file (type eps)

</idiap/user/akomaty/mfGn_results/mfGn-MEMD-codes/Results/Correlogram_MEMD_NDel
_0_H_8.eps>
Overfull \hbox (112.85466pt too wide) in paragraph at lines 160--169
[]  [] 
 []

File: /idiap/user/akomaty/mfGn_results/mfGn-MEMD-codes/Results/Correlogram_MEMD
_NDel_2_H_2.eps Graphic file (type eps)

</idiap/user/akomaty/mfGn_results/mfGn-MEMD-codes/Results/Correlogram_MEMD_NDel
_2_H_2.eps>
File: /idiap/user/akomaty/mfGn_results/mfGn-MEMD-codes/Results/Correlogram_MEMD
_NDel_2_H_4.eps Graphic file (type eps)

</idiap/user/akomaty/mfGn_results/mfGn-MEMD-codes/Results/Correlogram_MEMD_NDel
_2_H_4.eps>
File: /idiap/user/akomaty/mfGn_results/mfGn-MEMD-codes/Results/Correlogram_MEMD
_NDel_2_H_6.eps Graphic file (type eps)

</idiap/user/akomaty/mfGn_results/mfGn-MEMD-codes/Results/Correlogram_MEMD_NDel
_2_H_6.eps>
File: /idiap/user/akomaty/mfGn_results/mfGn-MEMD-codes/Results/Correlogram_MEMD
_NDel_2_H_8.eps Graphic file (type eps)

</idiap/user/akomaty/mfGn_results/mfGn-MEMD-codes/Results/Correlogram_MEMD_NDel
_2_H_8.eps>
Overfull \hbox (112.85466pt too wide) in paragraph at lines 174--183
[]  [] 
 []

File: /idiap/user/akomaty/mfGn_results/mfGn-MEMD-codes/Results/Correlogram_MEMD
_NDel_5_H_2.eps Graphic file (type eps)

</idiap/user/akomaty/mfGn_results/mfGn-MEMD-codes/Results/Correlogram_MEMD_NDel
_5_H_2.eps>
File: /idiap/user/akomaty/mfGn_results/mfGn-MEMD-codes/Results/Correlogram_MEMD
_NDel_5_H_4.eps Graphic file (type eps)

</idiap/user/akomaty/mfGn_results/mfGn-MEMD-codes/Results/Correlogram_MEMD_NDel
_5_H_4.eps>
File: /idiap/user/akomaty/mfGn_results/mfGn-MEMD-codes/Results/Correlogram_MEMD
_NDel_5_H_6.eps Graphic file (type eps)

</idiap/user/akomaty/mfGn_results/mfGn-MEMD-codes/Results/Correlogram_MEMD_NDel
_5_H_6.eps>
File: /idiap/user/akomaty/mfGn_results/mfGn-MEMD-codes/Results/Correlogram_MEMD
_NDel_5_H_8.eps Graphic file (type eps)

</idiap/user/akomaty/mfGn_results/mfGn-MEMD-codes/Results/Correlogram_MEMD_NDel
_5_H_8.eps>
Overfull \hbox (112.85466pt too wide) in paragraph at lines 189--198
[]  [] 
 []

File: /idiap/user/akomaty/mfGn_results/mfGn-MEMD-codes/Results/Correlogram_MEMD
_NDel_8_H_2.eps Graphic file (type eps)

</idiap/user/akomaty/mfGn_results/mfGn-MEMD-codes/Results/Correlogram_MEMD_NDel
_8_H_2.eps>
File: /idiap/user/akomaty/mfGn_results/mfGn-MEMD-codes/Results/Correlogram_MEMD
_NDel_8_H_4.eps Graphic file (type eps)

</idiap/user/akomaty/mfGn_results/mfGn-MEMD-codes/Results/Correlogram_MEMD_NDel
_8_H_4.eps>
File: /idiap/user/akomaty/mfGn_results/mfGn-MEMD-codes/Results/Correlogram_MEMD
_NDel_8_H_6.eps Graphic file (type eps)

</idiap/user/akomaty/mfGn_results/mfGn-MEMD-codes/Results/Correlogram_MEMD_NDel
_8_H_6.eps>
File: /idiap/user/akomaty/mfGn_results/mfGn-MEMD-codes/Results/Correlogram_MEMD
_NDel_8_H_8.eps Graphic file (type eps)

</idiap/user/akomaty/mfGn_results/mfGn-MEMD-codes/Results/Correlogram_MEMD_NDel
_8_H_8.eps>
Overfull \hbox (112.85466pt too wide) in paragraph at lines 204--213
[]  [] 
 []

[6] [7] [8] [9] [10] (./mfGn_MEMD_draft.aux)

LaTeX Warning: There were multiply-defined labels.

 ) 
Here is how much of TeX's memory you used:
 21022 strings out of 495021
 547440 string characters out of 6181350
 710580 words of memory out of 5000000
 23837 multiletter control sequences out of 15000+600000
 14307 words of font info for 54 fonts, out of 8000000 for 9000
 14 hyphenation exceptions out of 8191
 57i,11n,78p,733b,609s stack positions out of 5000i,500n,10000p,200000b,80000s

Output written on mfGn_MEMD_draft.dvi (10 pages, 26832 bytes).
